[2026-04-17 04:28:37] INFO | =======================================================
[2026-04-17 04:28:37] INFO |   GOLD / DXY SIGNAL SYSTEM — DÉMARRAGE
[2026-04-17 04:28:37] INFO |   Mode SL : INTELLIGENT (zones)
[2026-04-17 04:28:37] INFO |   Dashboard : DÉSACTIVÉ
[2026-04-17 04:28:37] INFO | =======================================================
[2026-04-17 04:28:38] INFO | MT5 connecté | Compte: 435312756 | Broker: Exness Technologies Ltd
[2026-04-17 04:28:38] INFO | Symbole GOLD: XAUUSDm
[2026-04-17 04:28:38] INFO | Symbole DXY (partiel): DXYm
[2026-04-17 04:28:38] INFO | Boucle démarrée — scan toutes les 120s
[2026-04-17 04:28:38] INFO | Appuyer Ctrl+C pour arrêter

[2026-04-17 04:28:38] INFO | ─── Cycle #1 | 04:28:38 ───
[2026-04-17 04:28:38] INFO | [H1] Corr: -0.114 → -0.411 | Gold: → Stable | DXY: ↓ Baisse
[2026-04-17 04:28:38] INFO | [M15] Corr: -0.741 → -0.618 | Gold: → Stable | DXY: → Stable
[2026-04-17 04:28:38] INFO | [M5] Corr: -0.499 → -0.459 | Gold: → Stable | DXY: → Stable
[2026-04-17 04:28:38] INFO | Aucun signal H1 détecté
[2026-04-17 04:29:08] INFO | 
⛔ Arrêt (Ctrl+C)
[2026-04-17 04:29:08] INFO | Système arrêté.
[2026-04-17 04:30:11] INFO | =======================================================
[2026-04-17 04:30:11] INFO |   GOLD / DXY SIGNAL SYSTEM — DÉMARRAGE
[2026-04-17 04:30:11] INFO |   Mode SL : INTELLIGENT (zones)
[2026-04-17 04:30:11] INFO |   Dashboard : DÉSACTIVÉ
[2026-04-17 04:30:11] INFO | =======================================================
[2026-04-17 04:30:11] INFO | MT5 connecté | Compte: 435312756 | Broker: Exness Technologies Ltd
[2026-04-17 04:30:11] INFO | Symbole GOLD: XAUUSDm
[2026-04-17 04:30:11] INFO | Symbole DXY (partiel): DXYm
[2026-04-17 04:30:16] INFO | ✅ Telegram envoyé
[2026-04-17 04:30:16] INFO | Boucle démarrée — scan toutes les 120s
[2026-04-17 04:30:16] INFO | Appuyer Ctrl+C pour arrêter

[2026-04-17 04:30:16] INFO | ─── Cycle #1 | 04:30:16 ───
[2026-04-17 04:30:16] INFO | [H1] Corr: -0.435 → -0.519 | Gold: → Stable | DXY: → Stable
[2026-04-17 04:30:16] INFO | [M15] Corr: -0.467 → -0.486 | Gold: ↑ Hausse | DXY: → Stable
[2026-04-17 04:30:16] INFO | [M5] Corr: -0.423 → -0.487 | Gold: → Stable | DXY: → Stable
[2026-04-17 04:30:16] INFO | Aucun signal H1 détecté
[2026-04-17 04:32:17] INFO | ─── Cycle #2 | 04:32:17 ───
[2026-04-17 04:32:17] INFO | [H1] Corr: -0.435 → -0.520 | Gold: → Stable | DXY: → Stable
[2026-04-17 04:32:17] INFO | [M15] Corr: -0.467 → -0.483 | Gold: → Stable | DXY: → Stable
[2026-04-17 04:32:17] INFO | [M5] Corr: -0.423 → -0.485 | Gold: → Stable | DXY: → Stable
[2026-04-17 04:32:17] INFO | Aucun signal H1 détecté
[2026-04-17 04:34:17] INFO | ─── Cycle #3 | 04:34:17 ───
[2026-04-17 04:34:18] INFO | [H1] Corr: -0.435 → -0.519 | Gold: ↑ Hausse | DXY: → Stable
[2026-04-17 04:34:18] INFO | [M15] Corr: -0.467 → -0.484 | Gold: ↑ Hausse | DXY: → Stable
[2026-04-17 04:34:18] INFO | [M5] Corr: -0.423 → -0.488 | Gold: ↑ Hausse | DXY: → Stable
[2026-04-17 04:34:18] INFO | Aucun signal H1 détecté
[2026-04-17 04:36:18] INFO | ─── Cycle #4 | 04:36:18 ───
[2026-04-17 04:36:18] INFO | [H1] Corr: -0.435 → -0.519 | Gold: ↑ Hausse | DXY: → Stable
[2026-04-17 04:36:18] INFO | [M15] Corr: -0.467 → -0.484 | Gold: ↑ Hausse | DXY: → Stable
[2026-04-17 04:36:18] INFO | [M5] Corr: -0.423 → -0.488 | Gold: ↑ Hausse | DXY: → Stable
[2026-04-17 04:36:18] INFO | Aucun signal H1 détecté
[2026-04-17 04:38:19] INFO | ─── Cycle #5 | 04:38:18 ───
[2026-04-17 04:38:20] INFO | [H1] Corr: -0.435 → -0.519 | Gold: ↑ Hausse | DXY: → Stable
[2026-04-17 04:38:20] INFO | [M15] Corr: -0.467 → -0.482 | Gold: ↑ Hausse | DXY: → Stable
[2026-04-17 04:38:20] INFO | [M5] Corr: -0.436 → -0.496 | Gold: ↑ Hausse | DXY: → Stable
[2026-04-17 04:38:20] INFO | Aucun signal H1 détecté
[2026-04-17 04:40:20] INFO | ─── Cycle #6 | 04:40:20 ───
[2026-04-17 04:40:20] INFO | [H1] Corr: -0.435 → -0.518 | Gold: ↑ Hausse | DXY: → Stable
[2026-04-17 04:40:20] INFO | [M15] Corr: -0.467 → -0.481 | Gold: ↑ Hausse | DXY: → Stable
[2026-04-17 04:40:20] INFO | [M5] Corr: -0.448 → -0.500 | Gold: ↑ Hausse | DXY: → Stable
[2026-04-17 04:40:20] INFO | Aucun signal H1 détecté
[2026-04-17 04:42:20] INFO | ─── Cycle #7 | 04:42:20 ───
[2026-04-17 04:42:20] INFO | [H1] Corr: -0.435 → -0.517 | Gold: ↑ Hausse | DXY: → Stable
[2026-04-17 04:42:20] INFO | [M15] Corr: -0.467 → -0.487 | Gold: ↑ Hausse | DXY: → Stable
[2026-04-17 04:42:21] INFO | [M5] Corr: -0.448 → -0.506 | Gold: ↑ Hausse | DXY: → Stable
[2026-04-17 04:42:21] INFO | Aucun signal H1 détecté
[2026-04-17 04:44:21] INFO | ─── Cycle #8 | 04:44:21 ───
[2026-04-17 04:44:21] INFO | [H1] Corr: -0.435 → -0.517 | Gold: ↑ Hausse | DXY: → Stable
[2026-04-17 04:44:21] INFO | [M15] Corr: -0.467 → -0.484 | Gold: ↑ Hausse | DXY: → Stable
[2026-04-17 04:44:21] INFO | [M5] Corr: -0.448 → -0.506 | Gold: ↑ Hausse | DXY: → Stable
[2026-04-17 04:44:21] INFO | Aucun signal H1 détecté
[2026-04-17 04:46:21] INFO | ─── Cycle #9 | 04:46:21 ───
[2026-04-17 04:46:22] INFO | [H1] Corr: -0.435 → -0.518 | Gold: ↑ Hausse | DXY: → Stable
[2026-04-17 04:46:22] INFO | [M15] Corr: -0.454 → -0.518 | Gold: ↑ Hausse | DXY: → Stable
[2026-04-17 04:46:22] INFO | [M5] Corr: -0.458 → -0.512 | Gold: ↑ Hausse | DXY: → Stable
[2026-04-17 04:46:22] INFO | Aucun signal H1 détecté
[2026-04-17 04:48:22] INFO | ─── Cycle #10 | 04:48:22 ───
[2026-04-17 04:48:23] INFO | [H1] Corr: -0.435 → -0.518 | Gold: ↑ Hausse | DXY: → Stable
[2026-04-17 04:48:23] INFO | [M15] Corr: -0.454 → -0.520 | Gold: ↑ Hausse | DXY: → Stable
[2026-04-17 04:48:23] INFO | [M5] Corr: -0.458 → -0.513 | Gold: ↑ Hausse | DXY: → Stable
[2026-04-17 04:48:23] INFO | Aucun signal H1 détecté
[2026-04-17 04:50:23] INFO | ─── Cycle #11 | 04:50:23 ───
[2026-04-17 04:50:23] INFO | [H1] Corr: -0.435 → -0.518 | Gold: ↑ Hausse | DXY: → Stable
[2026-04-17 04:50:23] INFO | [M15] Corr: -0.454 → -0.520 | Gold: ↑ Hausse | DXY: → Stable
[2026-04-17 04:50:23] INFO | [M5] Corr: -0.472 → -0.509 | Gold: ↑ Hausse | DXY: → Stable
[2026-04-17 04:50:23] INFO | Aucun signal H1 détecté
[2026-04-17 04:52:24] INFO | ─── Cycle #12 | 04:52:24 ───
[2026-04-17 04:52:25] INFO | [H1] Corr: -0.435 → -0.517 | Gold: ↑ Hausse | DXY: ↓ Baisse
[2026-04-17 04:52:25] INFO | [M15] Corr: -0.454 → -0.523 | Gold: ↑ Hausse | DXY: → Stable
[2026-04-17 04:52:25] INFO | [M5] Corr: -0.472 → -0.516 | Gold: ↑ Hausse | DXY: → Stable
[2026-04-17 04:52:25] INFO | Aucun signal H1 détecté
[2026-04-17 04:54:25] INFO | ─── Cycle #13 | 04:54:25 ───
[2026-04-17 04:54:25] INFO | [H1] Corr: -0.435 → -0.518 | Gold: ↑ Hausse | DXY: → Stable
[2026-04-17 04:54:25] INFO | [M15] Corr: -0.454 → -0.521 | Gold: ↑ Hausse | DXY: → Stable
[2026-04-17 04:54:25] INFO | [M5] Corr: -0.472 → -0.512 | Gold: ↑ Hausse | DXY: → Stable
[2026-04-17 04:54:25] INFO | Aucun signal H1 détecté
[2026-04-17 04:56:25] INFO | ─── Cycle #14 | 04:56:25 ───
[2026-04-17 04:56:25] INFO | [H1] Corr: -0.435 → -0.517 | Gold: ↑ Hausse | DXY: → Stable
[2026-04-17 04:56:25] INFO | [M15] Corr: -0.454 → -0.517 | Gold: ↑ Hausse | DXY: → Stable
[2026-04-17 04:56:25] INFO | [M5] Corr: -0.487 → -0.509 | Gold: → Stable | DXY: → Stable
[2026-04-17 04:56:25] INFO | Aucun signal H1 détecté
[2026-04-17 04:58:25] INFO | ─── Cycle #15 | 04:58:25 ───
[2026-04-17 04:58:26] INFO | [H1] Corr: -0.435 → -0.517 | Gold: ↑ Hausse | DXY: → Stable
[2026-04-17 04:58:26] INFO | [M15] Corr: -0.454 → -0.513 | Gold: ↑ Hausse | DXY: → Stable
[2026-04-17 04:58:26] INFO | [M5] Corr: -0.487 → -0.508 | Gold: ↑ Hausse | DXY: → Stable
[2026-04-17 04:58:26] INFO | Aucun signal H1 détecté
[2026-04-17 05:00:26] INFO | ─── Cycle #16 | 05:00:26 ───
[2026-04-17 05:00:27] INFO | [H1] Corr: -0.468 → -0.551 | Gold: ↑ Hausse | DXY: ↓ Baisse
[2026-04-17 05:00:27] INFO | [M15] Corr: -0.457 → -0.514 | Gold: ↑ Hausse | DXY: → Stable
[2026-04-17 05:00:27] INFO | [M5] Corr: -0.498 → -0.525 | Gold: ↑ Hausse | DXY: → Stable
[2026-04-17 05:00:27] INFO | Aucun signal H1 détecté
[2026-04-17 05:02:27] INFO | ─── Cycle #17 | 05:02:27 ───
[2026-04-17 05:02:27] INFO | [H1] Corr: -0.468 → -0.551 | Gold: ↑ Hausse | DXY: → Stable
[2026-04-17 05:02:27] INFO | [M15] Corr: -0.457 → -0.504 | Gold: ↑ Hausse | DXY: → Stable
[2026-04-17 05:02:27] INFO | [M5] Corr: -0.498 → -0.515 | Gold: ↑ Hausse | DXY: → Stable
[2026-04-17 05:02:27] INFO | Aucun signal H1 détecté
[2026-04-17 05:04:27] INFO | ─── Cycle #18 | 05:04:27 ───
[2026-04-17 05:04:28] INFO | [H1] Corr: -0.468 → -0.553 | Gold: ↑ Hausse | DXY: → Stable
[2026-04-17 05:04:28] INFO | [M15] Corr: -0.457 → -0.501 | Gold: ↑ Hausse | DXY: ↑ Hausse
[2026-04-17 05:04:28] INFO | [M5] Corr: -0.498 → -0.505 | Gold: → Stable | DXY: → Stable
[2026-04-17 05:04:28] INFO | Aucun signal H1 détecté
[2026-04-17 05:06:28] INFO | ─── Cycle #19 | 05:06:28 ───
[2026-04-17 05:06:29] INFO | [H1] Corr: -0.468 → -0.555 | Gold: ↑ Hausse | DXY: → Stable
[2026-04-17 05:06:29] INFO | [M15] Corr: -0.457 → -0.515 | Gold: ↑ Hausse | DXY: → Stable
[2026-04-17 05:06:29] INFO | [M5] Corr: -0.507 → -0.523 | Gold: ↑ Hausse | DXY: → Stable
[2026-04-17 05:06:29] INFO | Aucun signal H1 détecté
[2026-04-17 05:08:29] INFO | ─── Cycle #20 | 05:08:29 ───
[2026-04-17 05:08:29] INFO | [H1] Corr: -0.468 → -0.553 | Gold: ↑ Hausse | DXY: ↓ Baisse
[2026-04-17 05:08:29] INFO | [M15] Corr: -0.457 → -0.515 | Gold: ↑ Hausse | DXY: → Stable
[2026-04-17 05:08:29] INFO | [M5] Corr: -0.507 → -0.528 | Gold: ↑ Hausse | DXY: → Stable
[2026-04-17 05:08:29] INFO | Aucun signal H1 détecté
[2026-04-17 05:10:30] INFO | ─── Cycle #21 | 05:10:30 ───
[2026-04-17 05:10:31] INFO | [H1] Corr: -0.468 → -0.551 | Gold: ↑ Hausse | DXY: ↓ Baisse
[2026-04-17 05:10:31] INFO | [M15] Corr: -0.457 → -0.511 | Gold: ↑ Hausse | DXY: → Stable
[2026-04-17 05:10:31] INFO | [M5] Corr: -0.512 → -0.541 | Gold: ↑ Hausse | DXY: → Stable
[2026-04-17 05:10:31] INFO | Aucun signal H1 détecté
[2026-04-17 05:12:32] INFO | ─── Cycle #22 | 05:12:32 ───
[2026-04-17 05:12:32] INFO | [H1] Corr: -0.468 → -0.551 | Gold: ↑ Hausse | DXY: ↓ Baisse
[2026-04-17 05:12:32] INFO | [M15] Corr: -0.457 → -0.506 | Gold: ↑ Hausse | DXY: → Stable
[2026-04-17 05:12:33] INFO | [M5] Corr: -0.512 → -0.537 | Gold: ↑ Hausse | DXY: → Stable
[2026-04-17 05:12:33] INFO | Aucun signal H1 détecté
[2026-04-17 05:14:33] INFO | ─── Cycle #23 | 05:14:33 ───
[2026-04-17 05:14:42] INFO | [H1] Corr: -0.468 → -0.550 | Gold: ↑ Hausse | DXY: ↓ Baisse
[2026-04-17 05:14:42] INFO | [M15] Corr: -0.457 → -0.507 | Gold: ↑ Hausse | DXY: → Stable
[2026-04-17 05:14:42] INFO | [M5] Corr: -0.512 → -0.539 | Gold: ↑ Hausse | DXY: → Stable
[2026-04-17 05:14:42] INFO | Aucun signal H1 détecté
[2026-04-17 05:16:42] INFO | ─── Cycle #24 | 05:16:42 ───
[2026-04-17 05:16:43] INFO | [H1] Corr: -0.468 → -0.552 | Gold: ↑ Hausse | DXY: ↓ Baisse
[2026-04-17 05:16:43] INFO | [M15] Corr: -0.466 → -0.475 | Gold: ↑ Hausse | DXY: → Stable
[2026-04-17 05:16:43] INFO | [M5] Corr: -0.511 → -0.536 | Gold: → Stable | DXY: → Stable
[2026-04-17 05:16:43] INFO | Aucun signal H1 détecté
[2026-04-17 05:18:43] INFO | ─── Cycle #25 | 05:18:43 ───
[2026-04-17 05:18:43] INFO | [H1] Corr: -0.468 → -0.553 | Gold: ↑ Hausse | DXY: ↓ Baisse
[2026-04-17 05:18:43] INFO | [M15] Corr: -0.466 → -0.482 | Gold: ↑ Hausse | DXY: → Stable
[2026-04-17 05:18:43] INFO | [M5] Corr: -0.511 → -0.541 | Gold: → Stable | DXY: → Stable
[2026-04-17 05:18:43] INFO | Aucun signal H1 détecté
[2026-04-17 05:20:44] INFO | ─── Cycle #26 | 05:20:44 ───
[2026-04-17 05:20:44] INFO | [H1] Corr: -0.468 → -0.553 | Gold: ↑ Hausse | DXY: ↓ Baisse
[2026-04-17 05:20:44] INFO | [M15] Corr: -0.466 → -0.482 | Gold: ↑ Hausse | DXY: → Stable
[2026-04-17 05:20:44] INFO | [M5] Corr: -0.511 → -0.541 | Gold: → Stable | DXY: → Stable
[2026-04-17 05:20:44] INFO | Aucun signal H1 détecté
[2026-04-17 05:22:45] INFO | ─── Cycle #27 | 05:22:45 ───
[2026-04-17 05:22:45] INFO | [H1] Corr: -0.468 → -0.553 | Gold: ↑ Hausse | DXY: ↓ Baisse
[2026-04-17 05:22:45] INFO | [M15] Corr: -0.466 → -0.482 | Gold: ↑ Hausse | DXY: → Stable
[2026-04-17 05:22:45] INFO | [M5] Corr: -0.511 → -0.541 | Gold: → Stable | DXY: → Stable
[2026-04-17 05:22:45] INFO | Aucun signal H1 détecté
[2026-04-17 05:24:45] INFO | ─── Cycle #28 | 05:24:45 ───
[2026-04-17 05:24:45] INFO | [H1] Corr: -0.468 → -0.553 | Gold: ↑ Hausse | DXY: ↓ Baisse
[2026-04-17 05:24:45] INFO | [M15] Corr: -0.466 → -0.482 | Gold: ↑ Hausse | DXY: → Stable
[2026-04-17 05:24:45] INFO | [M5] Corr: -0.511 → -0.541 | Gold: → Stable | DXY: → Stable
[2026-04-17 05:24:45] INFO | Aucun signal H1 détecté
[2026-04-17 05:26:45] INFO | ─── Cycle #29 | 05:26:45 ───
[2026-04-17 05:26:46] INFO | [H1] Corr: -0.468 → -0.553 | Gold: ↑ Hausse | DXY: ↓ Baisse
[2026-04-17 05:26:46] INFO | [M15] Corr: -0.466 → -0.482 | Gold: ↑ Hausse | DXY: → Stable
[2026-04-17 05:26:46] INFO | [M5] Corr: -0.511 → -0.541 | Gold: → Stable | DXY: → Stable
[2026-04-17 05:26:46] INFO | Aucun signal H1 détecté
[2026-04-17 05:28:46] INFO | ─── Cycle #30 | 05:28:46 ───
[2026-04-17 05:28:46] INFO | [H1] Corr: -0.468 → -0.553 | Gold: ↑ Hausse | DXY: ↓ Baisse
[2026-04-17 05:28:46] INFO | [M15] Corr: -0.466 → -0.482 | Gold: ↑ Hausse | DXY: → Stable
[2026-04-17 05:28:46] INFO | [M5] Corr: -0.511 → -0.541 | Gold: → Stable | DXY: → Stable
[2026-04-17 05:28:46] INFO | Aucun signal H1 détecté
[2026-04-17 05:30:46] INFO | ─── Cycle #31 | 05:30:46 ───
[2026-04-17 05:30:47] INFO | [H1] Corr: -0.468 → -0.553 | Gold: ↑ Hausse | DXY: ↓ Baisse
[2026-04-17 05:30:47] INFO | [M15] Corr: -0.466 → -0.482 | Gold: ↑ Hausse | DXY: → Stable
[2026-04-17 05:30:47] INFO | [M5] Corr: -0.511 → -0.541 | Gold: → Stable | DXY: → Stable
[2026-04-17 05:30:47] INFO | Aucun signal H1 détecté
[2026-04-17 05:32:47] INFO | ─── Cycle #32 | 05:32:47 ───
[2026-04-17 05:32:47] INFO | [H1] Corr: -0.468 → -0.553 | Gold: ↑ Hausse | DXY: ↓ Baisse
[2026-04-17 05:32:48] INFO | [M15] Corr: -0.466 → -0.482 | Gold: ↑ Hausse | DXY: → Stable
[2026-04-17 05:32:48] INFO | [M5] Corr: -0.511 → -0.541 | Gold: → Stable | DXY: → Stable
[2026-04-17 05:32:48] INFO | Aucun signal H1 détecté
[2026-04-17 05:34:48] INFO | ─── Cycle #33 | 05:34:48 ───
[2026-04-17 05:34:49] INFO | [H1] Corr: -0.468 → -0.553 | Gold: ↑ Hausse | DXY: ↓ Baisse
[2026-04-17 05:34:49] INFO | [M15] Corr: -0.466 → -0.482 | Gold: ↑ Hausse | DXY: → Stable
[2026-04-17 05:34:49] INFO | [M5] Corr: -0.511 → -0.541 | Gold: → Stable | DXY: → Stable
[2026-04-17 05:34:49] INFO | Aucun signal H1 détecté
[2026-04-17 05:36:49] INFO | ─── Cycle #34 | 05:36:49 ───
[2026-04-17 05:36:50] INFO | [H1] Corr: -0.468 → -0.553 | Gold: ↑ Hausse | DXY: ↓ Baisse
[2026-04-17 05:36:50] INFO | [M15] Corr: -0.466 → -0.482 | Gold: ↑ Hausse | DXY: → Stable
[2026-04-17 05:36:50] INFO | [M5] Corr: -0.511 → -0.541 | Gold: → Stable | DXY: → Stable
[2026-04-17 05:36:50] INFO | Aucun signal H1 détecté
[2026-04-17 05:38:51] INFO | ─── Cycle #35 | 05:38:50 ───
[2026-04-17 05:38:51] INFO | [H1] Corr: -0.468 → -0.553 | Gold: ↑ Hausse | DXY: ↓ Baisse
[2026-04-17 05:38:51] INFO | [M15] Corr: -0.466 → -0.482 | Gold: ↑ Hausse | DXY: → Stable
[2026-04-17 05:38:51] INFO | [M5] Corr: -0.511 → -0.541 | Gold: → Stable | DXY: → Stable
[2026-04-17 05:38:51] INFO | Aucun signal H1 détecté
[2026-04-17 05:40:51] INFO | ─── Cycle #36 | 05:40:51 ───
[2026-04-17 05:40:52] INFO | [H1] Corr: -0.468 → -0.553 | Gold: ↑ Hausse | DXY: ↓ Baisse
[2026-04-17 05:40:52] INFO | [M15] Corr: -0.466 → -0.482 | Gold: ↑ Hausse | DXY: → Stable
[2026-04-17 05:40:52] INFO | [M5] Corr: -0.511 → -0.541 | Gold: → Stable | DXY: → Stable
[2026-04-17 05:40:52] INFO | Aucun signal H1 détecté
[2026-04-17 05:42:52] INFO | ─── Cycle #37 | 05:42:52 ───
[2026-04-17 05:42:52] INFO | [H1] Corr: -0.468 → -0.553 | Gold: ↑ Hausse | DXY: ↓ Baisse
[2026-04-17 05:42:52] INFO | [M15] Corr: -0.466 → -0.482 | Gold: ↑ Hausse | DXY: → Stable
[2026-04-17 05:42:52] INFO | [M5] Corr: -0.511 → -0.541 | Gold: → Stable | DXY: → Stable
[2026-04-17 05:42:52] INFO | Aucun signal H1 détecté
[2026-04-17 05:44:52] INFO | ─── Cycle #38 | 05:44:52 ───
[2026-04-17 05:44:52] INFO | [H1] Corr: -0.468 → -0.553 | Gold: ↑ Hausse | DXY: ↓ Baisse
[2026-04-17 05:44:52] INFO | [M15] Corr: -0.466 → -0.482 | Gold: ↑ Hausse | DXY: → Stable
[2026-04-17 05:44:52] INFO | [M5] Corr: -0.511 → -0.541 | Gold: → Stable | DXY: → Stable
[2026-04-17 05:44:52] INFO | Aucun signal H1 détecté
[2026-04-17 05:46:52] INFO | ─── Cycle #39 | 05:46:52 ───
[2026-04-17 05:46:52] INFO | [H1] Corr: -0.468 → -0.553 | Gold: ↑ Hausse | DXY: ↓ Baisse
[2026-04-17 05:46:52] INFO | [M15] Corr: -0.466 → -0.482 | Gold: ↑ Hausse | DXY: → Stable
[2026-04-17 05:46:52] INFO | [M5] Corr: -0.511 → -0.541 | Gold: → Stable | DXY: → Stable
[2026-04-17 05:46:52] INFO | Aucun signal H1 détecté
[2026-04-17 05:48:52] INFO | ─── Cycle #40 | 05:48:52 ───
[2026-04-17 05:48:53] INFO | [H1] Corr: -0.468 → -0.553 | Gold: ↑ Hausse | DXY: ↓ Baisse
[2026-04-17 05:48:53] INFO | [M15] Corr: -0.466 → -0.482 | Gold: ↑ Hausse | DXY: → Stable
[2026-04-17 05:48:53] INFO | [M5] Corr: -0.511 → -0.541 | Gold: → Stable | DXY: → Stable
[2026-04-17 05:48:53] INFO | Aucun signal H1 détecté
[2026-04-17 05:50:53] INFO | ─── Cycle #41 | 05:50:53 ───
[2026-04-17 05:50:54] INFO | [H1] Corr: -0.468 → -0.553 | Gold: ↑ Hausse | DXY: ↓ Baisse
[2026-04-17 05:50:54] INFO | [M15] Corr: -0.466 → -0.482 | Gold: ↑ Hausse | DXY: → Stable
[2026-04-17 05:50:54] INFO | [M5] Corr: -0.511 → -0.541 | Gold: → Stable | DXY: → Stable
[2026-04-17 05:50:54] INFO | Aucun signal H1 détecté
[2026-04-17 05:52:54] INFO | ─── Cycle #42 | 05:52:54 ───
[2026-04-17 05:52:54] INFO | [H1] Corr: -0.468 → -0.553 | Gold: ↑ Hausse | DXY: ↓ Baisse
[2026-04-17 05:52:54] INFO | [M15] Corr: -0.466 → -0.482 | Gold: ↑ Hausse | DXY: → Stable
[2026-04-17 05:52:54] INFO | [M5] Corr: -0.511 → -0.541 | Gold: → Stable | DXY: → Stable
[2026-04-17 05:52:54] INFO | Aucun signal H1 détecté
[2026-04-17 05:54:54] INFO | ─── Cycle #43 | 05:54:54 ───
[2026-04-17 05:54:54] INFO | [H1] Corr: -0.468 → -0.553 | Gold: ↑ Hausse | DXY: ↓ Baisse
[2026-04-17 05:54:54] INFO | [M15] Corr: -0.466 → -0.482 | Gold: ↑ Hausse | DXY: → Stable
[2026-04-17 05:54:54] INFO | [M5] Corr: -0.511 → -0.541 | Gold: → Stable | DXY: → Stable
[2026-04-17 05:54:54] INFO | Aucun signal H1 détecté
[2026-04-17 05:56:54] INFO | ─── Cycle #44 | 05:56:54 ───
[2026-04-17 05:56:54] INFO | [H1] Corr: -0.468 → -0.553 | Gold: ↑ Hausse | DXY: ↓ Baisse
[2026-04-17 05:56:55] INFO | [M15] Corr: -0.466 → -0.482 | Gold: ↑ Hausse | DXY: → Stable
[2026-04-17 05:56:55] INFO | [M5] Corr: -0.511 → -0.541 | Gold: → Stable | DXY: → Stable
[2026-04-17 05:56:55] INFO | Aucun signal H1 détecté
[2026-04-17 05:58:55] INFO | ─── Cycle #45 | 05:58:55 ───
[2026-04-17 05:58:55] INFO | [H1] Corr: -0.468 → -0.553 | Gold: ↑ Hausse | DXY: ↓ Baisse
[2026-04-17 05:58:55] INFO | [M15] Corr: -0.466 → -0.482 | Gold: ↑ Hausse | DXY: → Stable
[2026-04-17 05:58:55] INFO | [M5] Corr: -0.511 → -0.541 | Gold: → Stable | DXY: → Stable
[2026-04-17 05:58:55] INFO | Aucun signal H1 détecté
[2026-04-17 06:00:55] INFO | ─── Cycle #46 | 06:00:55 ───
[2026-04-17 06:00:55] INFO | [H1] Corr: -0.468 → -0.553 | Gold: ↑ Hausse | DXY: ↓ Baisse
[2026-04-17 06:00:55] INFO | [M15] Corr: -0.466 → -0.482 | Gold: ↑ Hausse | DXY: → Stable
[2026-04-17 06:00:55] INFO | [M5] Corr: -0.511 → -0.541 | Gold: → Stable | DXY: → Stable
[2026-04-17 06:00:55] INFO | Aucun signal H1 détecté
[2026-04-17 06:02:55] INFO | ─── Cycle #47 | 06:02:55 ───
[2026-04-17 06:02:55] INFO | [H1] Corr: -0.468 → -0.553 | Gold: ↑ Hausse | DXY: ↓ Baisse
[2026-04-17 06:02:55] INFO | [M15] Corr: -0.466 → -0.482 | Gold: ↑ Hausse | DXY: → Stable
[2026-04-17 06:02:55] INFO | [M5] Corr: -0.511 → -0.541 | Gold: → Stable | DXY: → Stable
[2026-04-17 06:02:55] INFO | Aucun signal H1 détecté
[2026-04-17 06:04:55] INFO | ─── Cycle #48 | 06:04:55 ───
[2026-04-17 06:04:56] INFO | [H1] Corr: -0.468 → -0.553 | Gold: ↑ Hausse | DXY: ↓ Baisse
[2026-04-17 06:04:56] INFO | [M15] Corr: -0.466 → -0.482 | Gold: ↑ Hausse | DXY: → Stable
[2026-04-17 06:04:56] INFO | [M5] Corr: -0.511 → -0.541 | Gold: → Stable | DXY: → Stable
[2026-04-17 06:04:56] INFO | Aucun signal H1 détecté
[2026-04-17 06:06:56] INFO | ─── Cycle #49 | 06:06:56 ───
[2026-04-17 06:06:56] INFO | [H1] Corr: -0.468 → -0.553 | Gold: ↑ Hausse | DXY: ↓ Baisse
[2026-04-17 06:06:56] INFO | [M15] Corr: -0.466 → -0.482 | Gold: ↑ Hausse | DXY: → Stable
[2026-04-17 06:06:56] INFO | [M5] Corr: -0.511 → -0.541 | Gold: → Stable | DXY: → Stable
[2026-04-17 06:06:56] INFO | Aucun signal H1 détecté
[2026-04-17 06:08:56] INFO | ─── Cycle #50 | 06:08:56 ───
[2026-04-17 06:08:57] INFO | [H1] Corr: -0.468 → -0.553 | Gold: ↑ Hausse | DXY: ↓ Baisse
[2026-04-17 06:08:57] INFO | [M15] Corr: -0.466 → -0.482 | Gold: ↑ Hausse | DXY: → Stable
[2026-04-17 06:08:57] INFO | [M5] Corr: -0.511 → -0.541 | Gold: → Stable | DXY: → Stable
[2026-04-17 06:08:57] INFO | Aucun signal H1 détecté
[2026-04-17 06:10:57] INFO | ─── Cycle #51 | 06:10:57 ───
[2026-04-17 06:10:57] INFO | [H1] Corr: -0.468 → -0.553 | Gold: ↑ Hausse | DXY: ↓ Baisse
[2026-04-17 06:10:57] INFO | [M15] Corr: -0.466 → -0.482 | Gold: ↑ Hausse | DXY: → Stable
[2026-04-17 06:10:57] INFO | [M5] Corr: -0.511 → -0.541 | Gold: → Stable | DXY: → Stable
[2026-04-17 06:10:57] INFO | Aucun signal H1 détecté
[2026-04-17 06:12:58] INFO | ─── Cycle #52 | 06:12:58 ───
[2026-04-17 06:12:58] INFO | [H1] Corr: -0.468 → -0.553 | Gold: ↑ Hausse | DXY: ↓ Baisse
[2026-04-17 06:12:59] INFO | [M15] Corr: -0.466 → -0.482 | Gold: ↑ Hausse | DXY: → Stable
[2026-04-17 06:12:59] INFO | [M5] Corr: -0.511 → -0.541 | Gold: → Stable | DXY: → Stable
[2026-04-17 06:12:59] INFO | Aucun signal H1 détecté
[2026-04-17 06:14:59] INFO | ─── Cycle #53 | 06:14:59 ───
[2026-04-17 06:14:59] INFO | [H1] Corr: -0.487 → -0.593 | Gold: ↑ Hausse | DXY: → Stable
[2026-04-17 06:14:59] INFO | [M15] Corr: -0.510 → -0.429 | Gold: ↓ Baisse | DXY: → Stable
[2026-04-17 06:14:59] INFO | [M5] Corr: -0.602 → -0.615 | Gold: ↓ Baisse | DXY: → Stable
[2026-04-17 06:14:59] INFO | Aucun signal H1 détecté
[2026-04-17 06:17:00] INFO | ─── Cycle #54 | 06:16:59 ───
[2026-04-17 06:17:03] INFO | [H1] Corr: -0.487 → -0.595 | Gold: ↑ Hausse | DXY: → Stable
[2026-04-17 06:17:03] INFO | [M15] Corr: -0.508 → -0.440 | Gold: ↓ Baisse | DXY: ↑ Hausse
[2026-04-17 06:17:03] INFO | [M5] Corr: -0.622 → -0.622 | Gold: ↓ Baisse | DXY: → Stable
[2026-04-17 06:17:03] INFO | Aucun signal H1 détecté
[2026-04-17 06:19:03] INFO | ─── Cycle #55 | 06:19:03 ───
[2026-04-17 06:19:03] INFO | [H1] Corr: -0.487 → -0.599 | Gold: ↑ Hausse | DXY: → Stable
[2026-04-17 06:19:03] INFO | [M15] Corr: -0.508 → -0.449 | Gold: ↓ Baisse | DXY: ↑ Hausse
[2026-04-17 06:19:03] INFO | [M5] Corr: -0.622 → -0.636 | Gold: ↓ Baisse | DXY: ↑ Hausse
[2026-04-17 06:19:03] INFO | Aucun signal H1 détecté
[2026-04-17 06:21:04] INFO | ─── Cycle #56 | 06:21:04 ───
[2026-04-17 06:21:05] INFO | [H1] Corr: -0.487 → -0.598 | Gold: ↑ Hausse | DXY: → Stable
[2026-04-17 06:21:05] INFO | [M15] Corr: -0.508 → -0.446 | Gold: ↓ Baisse | DXY: ↑ Hausse
[2026-04-17 06:21:05] INFO | [M5] Corr: -0.646 → -0.652 | Gold: ↓ Baisse | DXY: ↑ Hausse
[2026-04-17 06:21:05] INFO | Aucun signal H1 détecté
[2026-04-17 06:23:05] INFO | ─── Cycle #57 | 06:23:05 ───
[2026-04-17 06:23:06] INFO | [H1] Corr: -0.487 → -0.596 | Gold: ↑ Hausse | DXY: → Stable
[2026-04-17 06:23:06] INFO | [M15] Corr: -0.508 → -0.444 | Gold: ↓ Baisse | DXY: ↑ Hausse
[2026-04-17 06:23:06] INFO | [M5] Corr: -0.646 → -0.641 | Gold: ↓ Baisse | DXY: → Stable
[2026-04-17 06:23:06] INFO | Aucun signal H1 détecté
[2026-04-17 06:25:06] INFO | ─── Cycle #58 | 06:25:06 ───
[2026-04-17 06:25:07] INFO | [H1] Corr: -0.487 → -0.596 | Gold: ↑ Hausse | DXY: → Stable
[2026-04-17 06:25:07] INFO | [M15] Corr: -0.508 → -0.443 | Gold: ↓ Baisse | DXY: ↑ Hausse
[2026-04-17 06:25:07] INFO | [M5] Corr: -0.646 → -0.643 | Gold: ↓ Baisse | DXY: → Stable
[2026-04-17 06:25:07] INFO | Aucun signal H1 détecté
[2026-04-17 06:27:07] INFO | ─── Cycle #59 | 06:27:07 ───
[2026-04-17 06:27:07] INFO | [H1] Corr: -0.487 → -0.597 | Gold: ↑ Hausse | DXY: → Stable
[2026-04-17 06:27:07] INFO | [M15] Corr: -0.508 → -0.446 | Gold: ↓ Baisse | DXY: ↑ Hausse
[2026-04-17 06:27:07] INFO | [M5] Corr: -0.636 → -0.638 | Gold: ↓ Baisse | DXY: → Stable
[2026-04-17 06:27:07] INFO | Aucun signal H1 détecté
[2026-04-17 06:29:08] INFO | ─── Cycle #60 | 06:29:08 ───
[2026-04-17 06:29:08] INFO | [H1] Corr: -0.487 → -0.599 | Gold: → Stable | DXY: → Stable
[2026-04-17 06:29:08] INFO | [M15] Corr: -0.508 → -0.451 | Gold: ↓ Baisse | DXY: ↑ Hausse
[2026-04-17 06:29:08] INFO | [M5] Corr: -0.636 → -0.644 | Gold: ↓ Baisse | DXY: → Stable
[2026-04-17 06:29:08] INFO | Aucun signal H1 détecté
[2026-04-17 06:31:09] INFO | ─── Cycle #61 | 06:31:09 ───
[2026-04-17 06:31:11] INFO | [H1] Corr: -0.487 → -0.601 | Gold: → Stable | DXY: → Stable
[2026-04-17 06:31:11] INFO | [M15] Corr: -0.489 → -0.495 | Gold: ↓ Baisse | DXY: ↑ Hausse
[2026-04-17 06:31:11] INFO | [M5] Corr: -0.630 → -0.670 | Gold: ↓ Baisse | DXY: → Stable
[2026-04-17 06:31:11] INFO | Aucun signal H1 détecté
[2026-04-17 06:33:11] INFO | ─── Cycle #62 | 06:33:11 ───
[2026-04-17 06:33:11] INFO | [H1] Corr: -0.487 → -0.600 | Gold: ↓ Baisse | DXY: → Stable
[2026-04-17 06:33:11] INFO | [M15] Corr: -0.489 → -0.498 | Gold: ↓ Baisse | DXY: ↑ Hausse
[2026-04-17 06:33:11] INFO | [M5] Corr: -0.630 → -0.666 | Gold: ↓ Baisse | DXY: → Stable
[2026-04-17 06:33:11] INFO | Aucun signal H1 détecté
[2026-04-17 06:35:11] INFO | ─── Cycle #63 | 06:35:11 ───
[2026-04-17 06:35:13] INFO | [H1] Corr: -0.487 → -0.603 | Gold: ↓ Baisse | DXY: → Stable
[2026-04-17 06:35:13] INFO | [M15] Corr: -0.489 → -0.507 | Gold: ↓ Baisse | DXY: ↑ Hausse
[2026-04-17 06:35:13] INFO | [M5] Corr: -0.628 → -0.697 | Gold: ↓ Baisse | DXY: → Stable
[2026-04-17 06:35:13] INFO | Aucun signal H1 détecté
[2026-04-17 06:37:14] INFO | ─── Cycle #64 | 06:37:13 ───
[2026-04-17 06:37:14] INFO | [H1] Corr: -0.487 → -0.606 | Gold: ↓ Baisse | DXY: ↑ Hausse
[2026-04-17 06:37:14] INFO | [M15] Corr: -0.489 → -0.516 | Gold: ↓ Baisse | DXY: ↑ Hausse
[2026-04-17 06:37:14] INFO | [M5] Corr: -0.628 → -0.708 | Gold: ↓ Baisse | DXY: → Stable
[2026-04-17 06:37:14] INFO | Aucun signal H1 détecté
[2026-04-17 06:39:15] INFO | ─── Cycle #65 | 06:39:15 ───
[2026-04-17 06:39:15] INFO | [H1] Corr: -0.487 → -0.602 | Gold: → Stable | DXY: ↑ Hausse
[2026-04-17 06:39:15] INFO | [M15] Corr: -0.489 → -0.497 | Gold: ↓ Baisse | DXY: ↑ Hausse
[2026-04-17 06:39:15] INFO | [M5] Corr: -0.628 → -0.691 | Gold: → Stable | DXY: → Stable
[2026-04-17 06:39:15] INFO | Aucun signal H1 détecté
[2026-04-17 06:41:16] INFO | ─── Cycle #66 | 06:41:16 ───
[2026-04-17 06:41:17] INFO | [H1] Corr: -0.487 → -0.601 | Gold: ↑ Hausse | DXY: → Stable
[2026-04-17 06:41:17] INFO | [M15] Corr: -0.489 → -0.490 | Gold: ↓ Baisse | DXY: ↑ Hausse
[2026-04-17 06:41:17] INFO | [M5] Corr: -0.639 → -0.704 | Gold: → Stable | DXY: → Stable
[2026-04-17 06:41:17] INFO | Aucun signal H1 détecté
[2026-04-17 06:43:17] INFO | ─── Cycle #67 | 06:43:17 ───
[2026-04-17 06:43:18] INFO | [H1] Corr: -0.487 → -0.602 | Gold: → Stable | DXY: ↑ Hausse
[2026-04-17 06:43:18] INFO | [M15] Corr: -0.489 → -0.495 | Gold: ↓ Baisse | DXY: ↑ Hausse
[2026-04-17 06:43:18] INFO | [M5] Corr: -0.639 → -0.708 | Gold: ↓ Baisse | DXY: ↑ Hausse
[2026-04-17 06:43:18] INFO | Aucun signal H1 détecté
[2026-04-17 06:45:18] INFO | ─── Cycle #68 | 06:45:18 ───
[2026-04-17 06:45:19] INFO | [H1] Corr: -0.487 → -0.602 | Gold: → Stable | DXY: ↑ Hausse
[2026-04-17 06:45:19] INFO | [M15] Corr: -0.489 → -0.492 | Gold: ↓ Baisse | DXY: ↑ Hausse
[2026-04-17 06:45:19] INFO | [M5] Corr: -0.639 → -0.706 | Gold: ↓ Baisse | DXY: ↑ Hausse
[2026-04-17 06:45:19] INFO | Aucun signal H1 détecté
[2026-04-17 06:47:19] INFO | ─── Cycle #69 | 06:47:19 ───
[2026-04-17 06:47:19] INFO | [H1] Corr: -0.487 → -0.598 | Gold: → Stable | DXY: → Stable
[2026-04-17 06:47:19] INFO | [M15] Corr: -0.443 → -0.489 | Gold: ↓ Baisse | DXY: ↑ Hausse
[2026-04-17 06:47:19] INFO | [M5] Corr: -0.641 → -0.717 | Gold: ↑ Hausse | DXY: → Stable
[2026-04-17 06:47:19] INFO | Aucun signal H1 détecté
[2026-04-17 06:49:19] INFO | ─── Cycle #70 | 06:49:19 ───
[2026-04-17 06:49:19] INFO | [H1] Corr: -0.487 → -0.599 | Gold: → Stable | DXY: → Stable
[2026-04-17 06:49:19] INFO | [M15] Corr: -0.443 → -0.491 | Gold: ↓ Baisse | DXY: ↑ Hausse
[2026-04-17 06:49:19] INFO | [M5] Corr: -0.641 → -0.721 | Gold: → Stable | DXY: → Stable
[2026-04-17 06:49:19] INFO | Aucun signal H1 détecté
[2026-04-17 09:31:37] INFO | ─── Cycle #71 | 09:31:37 ───
[2026-04-17 09:31:40] INFO | [H1] Corr: -0.487 → -0.599 | Gold: → Stable | DXY: → Stable
[2026-04-17 09:31:40] INFO | [M15] Corr: -0.443 → -0.491 | Gold: ↓ Baisse | DXY: ↑ Hausse
[2026-04-17 09:31:40] INFO | [M5] Corr: -0.641 → -0.721 | Gold: → Stable | DXY: → Stable
[2026-04-17 09:31:40] INFO | Aucun signal H1 détecté
[2026-04-17 09:33:40] INFO | ─── Cycle #72 | 09:33:40 ───
[2026-04-17 09:33:41] INFO | [H1] Corr: -0.515 → -0.609 | Gold: → Stable | DXY: ↓ Baisse
[2026-04-17 09:33:41] INFO | [M15] Corr: -0.386 → -0.381 | Gold: ↓ Baisse | DXY: ↓ Baisse
[2026-04-17 09:33:41] INFO | [M5] Corr: -0.304 → -0.504 | Gold: ↑ Hausse | DXY: ↓ Baisse
[2026-04-17 09:33:41] INFO | Aucun signal H1 détecté
[2026-04-17 09:35:41] INFO | ─── Cycle #73 | 09:35:41 ───
[2026-04-17 09:35:42] INFO | [H1] Corr: -0.515 → -0.613 | Gold: ↑ Hausse | DXY: ↓ Baisse
[2026-04-17 09:35:42] INFO | [M15] Corr: -0.386 → -0.402 | Gold: → Stable | DXY: ↓ Baisse
[2026-04-17 09:35:42] INFO | [M5] Corr: -0.321 → -0.580 | Gold: ↑ Hausse | DXY: ↓ Baisse
[2026-04-17 09:35:42] INFO | Aucun signal H1 détecté
[2026-04-17 09:37:42] INFO | ─── Cycle #74 | 09:37:42 ───
[2026-04-17 09:37:43] INFO | [H1] Corr: -0.515 → -0.614 | Gold: → Stable | DXY: ↓ Baisse
[2026-04-17 09:37:43] INFO | [M15] Corr: -0.386 → -0.388 | Gold: → Stable | DXY: → Stable
[2026-04-17 09:37:43] INFO | [M5] Corr: -0.321 → -0.569 | Gold: → Stable | DXY: → Stable
[2026-04-17 09:37:43] INFO | Aucun signal H1 détecté
[2026-04-17 09:39:44] INFO | ─── Cycle #75 | 09:39:44 ───
[2026-04-17 09:39:45] INFO | [H1] Corr: -0.515 → -0.613 | Gold: → Stable | DXY: ↓ Baisse
[2026-04-17 09:39:45] INFO | [M15] Corr: -0.386 → -0.389 | Gold: → Stable | DXY: → Stable
[2026-04-17 09:39:45] INFO | [M5] Corr: -0.321 → -0.570 | Gold: → Stable | DXY: → Stable
[2026-04-17 09:39:45] INFO | Aucun signal H1 détecté
[2026-04-17 09:41:45] INFO | ─── Cycle #76 | 09:41:45 ───
[2026-04-17 09:41:46] INFO | [H1] Corr: -0.515 → -0.612 | Gold: → Stable | DXY: ↓ Baisse
[2026-04-17 09:41:46] INFO | [M15] Corr: -0.386 → -0.384 | Gold: ↓ Baisse | DXY: ↓ Baisse
[2026-04-17 09:41:46] INFO | [M5] Corr: -0.359 → -0.612 | Gold: → Stable | DXY: → Stable
[2026-04-17 09:41:46] INFO | Aucun signal H1 détecté
[2026-04-17 09:43:46] INFO | ─── Cycle #77 | 09:43:46 ───
[2026-04-17 09:43:46] INFO | [H1] Corr: -0.515 → -0.613 | Gold: → Stable | DXY: ↓ Baisse
[2026-04-17 09:43:46] INFO | [M15] Corr: -0.386 → -0.384 | Gold: ↓ Baisse | DXY: → Stable
[2026-04-17 09:43:46] INFO | [M5] Corr: -0.359 → -0.611 | Gold: → Stable | DXY: → Stable
[2026-04-17 09:43:46] INFO | Aucun signal H1 détecté
[2026-04-17 09:45:46] INFO | ─── Cycle #78 | 09:45:46 ───
[2026-04-17 09:45:47] INFO | [H1] Corr: -0.515 → -0.613 | Gold: → Stable | DXY: ↓ Baisse
[2026-04-17 09:45:47] INFO | [M15] Corr: -0.400 → -0.379 | Gold: ↓ Baisse | DXY: → Stable
[2026-04-17 09:45:47] INFO | [M5] Corr: -0.399 → -0.654 | Gold: ↓ Baisse | DXY: ↑ Hausse
[2026-04-17 09:45:47] INFO | Aucun signal H1 détecté
[2026-04-17 09:45:55] INFO | 
⛔ Arrêt (Ctrl+C)
[2026-04-17 09:45:55] INFO | Système arrêté.
[2026-04-17 09:49:39] INFO | =======================================================
[2026-04-17 09:49:39] INFO |   GOLD / DXY SIGNAL SYSTEM — DÉMARRAGE
[2026-04-17 09:49:39] INFO |   Mode SL : INTELLIGENT (zones)
[2026-04-17 09:49:39] INFO |   Dashboard : DÉSACTIVÉ
[2026-04-17 09:49:39] INFO | =======================================================
[2026-04-17 09:49:39] INFO | MT5 connecté | Compte: 435312756 | Broker: Exness Technologies Ltd
[2026-04-17 09:49:39] INFO | Symbole GOLD: XAUUSDm
[2026-04-17 09:49:39] INFO | Symbole DXY (partiel): USDXOFm
[2026-04-17 09:49:43] INFO | ✅ Telegram envoyé
[2026-04-17 09:49:43] INFO | Boucle démarrée — scan toutes les 120s
[2026-04-17 09:49:43] INFO | Appuyer Ctrl+C pour arrêter

[2026-04-17 09:49:43] INFO | ─── Cycle #1 | 09:49:43 ───
[2026-04-17 09:49:43] INFO | [H1] Corr: -0.247 → -0.014 | Gold: ↓ Baisse | DXY: ↓ Baisse
[2026-04-17 09:49:43] INFO | [M15] Corr: +0.089 → -0.012 | Gold: ↓ Baisse | DXY: ↓ Baisse
[2026-04-17 09:49:43] INFO | [M5] Corr: +0.253 → +0.047 | Gold: ↓ Baisse | DXY: ↓ Baisse
[2026-04-17 09:49:43] INFO | Aucun signal H1 détecté
[2026-04-17 09:51:43] INFO | ─── Cycle #2 | 09:51:43 ───
[2026-04-17 09:51:43] INFO | [H1] Corr: -0.247 → -0.016 | Gold: ↓ Baisse | DXY: ↓ Baisse
[2026-04-17 09:51:43] INFO | [M15] Corr: +0.089 → -0.017 | Gold: ↓ Baisse | DXY: ↓ Baisse
[2026-04-17 09:51:43] INFO | [M5] Corr: +0.253 → +0.043 | Gold: ↓ Baisse | DXY: ↓ Baisse
[2026-04-17 09:51:43] INFO | Aucun signal H1 détecté
[2026-04-17 09:53:43] INFO | ─── Cycle #3 | 09:53:43 ───
[2026-04-17 09:53:44] INFO | [H1] Corr: -0.247 → -0.014 | Gold: ↓ Baisse | DXY: ↓ Baisse
[2026-04-17 09:53:44] INFO | [M15] Corr: +0.089 → -0.014 | Gold: ↓ Baisse | DXY: ↓ Baisse
[2026-04-17 09:53:45] INFO | [M5] Corr: +0.253 → +0.043 | Gold: ↓ Baisse | DXY: ↓ Baisse
[2026-04-17 09:53:45] INFO | Aucun signal H1 détecté
[2026-04-17 09:55:45] INFO | ─── Cycle #4 | 09:55:45 ───
[2026-04-17 09:55:45] INFO | [H1] Corr: -0.247 → -0.014 | Gold: ↓ Baisse | DXY: ↓ Baisse
[2026-04-17 09:55:45] INFO | [M15] Corr: +0.089 → -0.013 | Gold: ↓ Baisse | DXY: ↓ Baisse
[2026-04-17 09:55:45] INFO | [M5] Corr: +0.195 → +0.021 | Gold: ↓ Baisse | DXY: ↓ Baisse
[2026-04-17 09:55:45] INFO | Aucun signal H1 détecté
[2026-04-17 09:57:45] INFO | ─── Cycle #5 | 09:57:45 ───
[2026-04-17 09:57:46] INFO | [H1] Corr: -0.247 → -0.014 | Gold: ↓ Baisse | DXY: ↓ Baisse
[2026-04-17 09:57:46] INFO | [M15] Corr: +0.089 → -0.016 | Gold: ↓ Baisse | DXY: ↓ Baisse
[2026-04-17 09:57:46] INFO | [M5] Corr: +0.195 → +0.018 | Gold: ↓ Baisse | DXY: ↓ Baisse
[2026-04-17 09:57:46] INFO | Aucun signal H1 détecté
[2026-04-17 09:59:46] INFO | ─── Cycle #6 | 09:59:46 ───
[2026-04-17 09:59:47] INFO | [H1] Corr: -0.247 → -0.007 | Gold: ↓ Baisse | DXY: ↓ Baisse
[2026-04-17 09:59:47] INFO | [M15] Corr: +0.089 → -0.002 | Gold: ↓ Baisse | DXY: ↓ Baisse
[2026-04-17 09:59:47] INFO | [M5] Corr: +0.195 → +0.033 | Gold: ↓ Baisse | DXY: ↓ Baisse
[2026-04-17 09:59:47] INFO | Aucun signal H1 détecté
